2025-01-15 19:02:07,299 - INFO - Pod: airflow-flower-76c88b4d49-7jfcw, CPU: 0.006 cores, Memory: 157.0 MiB
2025-01-15 19:02:07,300 - INFO - Pod: airflow-postgresql-0, CPU: 0.011 cores, Memory: 74.0 MiB
2025-01-15 19:02:07,300 - INFO - Pod: airflow-redis-0, CPU: 0.002 cores, Memory: 11.0 MiB
2025-01-15 19:02:07,300 - INFO - Pod: airflow-scheduler-777d5b4db9-xh6k7, CPU: 0.065 cores, Memory: 440.0 MiB
2025-01-15 19:02:07,300 - INFO - Pod: airflow-statsd-769b757665-r9c65, CPU: 0.004 cores, Memory: 21.0 MiB
2025-01-15 19:02:07,300 - INFO - Pod: airflow-webserver-5fc8dc44b5-xx6rw, CPU: 0.002 cores, Memory: 1264.0 MiB
2025-01-15 19:02:07,300 - INFO - Pod: airflow-worker-0, CPU: 0.036 cores, Memory: 1224.0 MiB
2025-01-15 19:02:07,300 - INFO - Pod: airflow-worker-1, CPU: 0.038 cores, Memory: 1033.0 MiB
2025-01-15 19:02:12,380 - INFO - Pod: airflow-flower-76c88b4d49-7jfcw, CPU: 0.006 cores, Memory: 157.0 MiB
2025-01-15 19:02:12,380 - INFO - Pod: airflow-postgresql-0, CPU: 0.011 cores, Memory: 74.0 MiB
2025-01-15 19:02:12,380 - INFO - Pod: airflow-redis-0, CPU: 0.002 cores, Memory: 11.0 MiB
2025-01-15 19:02:12,380 - INFO - Pod: airflow-scheduler-777d5b4db9-xh6k7, CPU: 0.065 cores, Memory: 440.0 MiB
2025-01-15 19:02:12,381 - INFO - Pod: airflow-statsd-769b757665-r9c65, CPU: 0.004 cores, Memory: 21.0 MiB
2025-01-15 19:02:12,381 - INFO - Pod: airflow-webserver-5fc8dc44b5-xx6rw, CPU: 0.002 cores, Memory: 1264.0 MiB
2025-01-15 19:02:12,381 - INFO - Pod: airflow-worker-0, CPU: 0.036 cores, Memory: 1224.0 MiB
2025-01-15 19:02:12,381 - INFO - Pod: airflow-worker-1, CPU: 0.038 cores, Memory: 1033.0 MiB
2025-01-15 19:02:17,450 - INFO - Pod: airflow-flower-76c88b4d49-7jfcw, CPU: 0.006 cores, Memory: 157.0 MiB
2025-01-15 19:02:17,451 - INFO - Pod: airflow-postgresql-0, CPU: 0.011 cores, Memory: 74.0 MiB
2025-01-15 19:02:17,451 - INFO - Pod: airflow-redis-0, CPU: 0.002 cores, Memory: 11.0 MiB
2025-01-15 19:02:17,451 - INFO - Pod: airflow-scheduler-777d5b4db9-xh6k7, CPU: 0.065 cores, Memory: 440.0 MiB
2025-01-15 19:02:17,452 - INFO - Pod: airflow-statsd-769b757665-r9c65, CPU: 0.004 cores, Memory: 21.0 MiB
2025-01-15 19:02:17,452 - INFO - Pod: airflow-webserver-5fc8dc44b5-xx6rw, CPU: 0.002 cores, Memory: 1264.0 MiB
2025-01-15 19:02:17,452 - INFO - Pod: airflow-worker-0, CPU: 0.036 cores, Memory: 1224.0 MiB
2025-01-15 19:02:17,453 - INFO - Pod: airflow-worker-1, CPU: 0.038 cores, Memory: 1033.0 MiB
2025-01-15 19:02:22,539 - INFO - Pod: airflow-flower-76c88b4d49-7jfcw, CPU: 0.006 cores, Memory: 157.0 MiB
2025-01-15 19:02:22,539 - INFO - Pod: airflow-postgresql-0, CPU: 0.011 cores, Memory: 74.0 MiB
2025-01-15 19:02:22,540 - INFO - Pod: airflow-redis-0, CPU: 0.002 cores, Memory: 11.0 MiB
2025-01-15 19:02:22,540 - INFO - Pod: airflow-scheduler-777d5b4db9-xh6k7, CPU: 0.065 cores, Memory: 440.0 MiB
2025-01-15 19:02:22,540 - INFO - Pod: airflow-statsd-769b757665-r9c65, CPU: 0.004 cores, Memory: 21.0 MiB
2025-01-15 19:02:22,541 - INFO - Pod: airflow-webserver-5fc8dc44b5-xx6rw, CPU: 0.002 cores, Memory: 1264.0 MiB
2025-01-15 19:02:22,541 - INFO - Pod: airflow-worker-0, CPU: 0.036 cores, Memory: 1224.0 MiB
2025-01-15 19:02:22,542 - INFO - Pod: airflow-worker-1, CPU: 0.038 cores, Memory: 1033.0 MiB
2025-01-15 19:02:27,626 - INFO - Pod: airflow-flower-76c88b4d49-7jfcw, CPU: 0.006 cores, Memory: 157.0 MiB
2025-01-15 19:02:27,627 - INFO - Pod: airflow-postgresql-0, CPU: 0.011 cores, Memory: 74.0 MiB
2025-01-15 19:02:27,627 - INFO - Pod: airflow-redis-0, CPU: 0.002 cores, Memory: 11.0 MiB
2025-01-15 19:02:27,627 - INFO - Pod: airflow-scheduler-777d5b4db9-xh6k7, CPU: 0.065 cores, Memory: 440.0 MiB
2025-01-15 19:02:27,627 - INFO - Pod: airflow-statsd-769b757665-r9c65, CPU: 0.004 cores, Memory: 21.0 MiB
2025-01-15 19:02:27,627 - INFO - Pod: airflow-webserver-5fc8dc44b5-xx6rw, CPU: 0.002 cores, Memory: 1264.0 MiB
2025-01-15 19:02:27,627 - INFO - Pod: airflow-worker-0, CPU: 0.036 cores, Memory: 1224.0 MiB
2025-01-15 19:02:27,627 - INFO - Pod: airflow-worker-1, CPU: 0.038 cores, Memory: 1033.0 MiB
2025-01-15 19:02:32,696 - INFO - Pod: airflow-flower-76c88b4d49-7jfcw, CPU: 0.006 cores, Memory: 157.0 MiB
2025-01-15 19:02:32,696 - INFO - Pod: airflow-postgresql-0, CPU: 0.011 cores, Memory: 74.0 MiB
2025-01-15 19:02:32,696 - INFO - Pod: airflow-redis-0, CPU: 0.002 cores, Memory: 11.0 MiB
2025-01-15 19:02:32,697 - INFO - Pod: airflow-scheduler-777d5b4db9-xh6k7, CPU: 0.065 cores, Memory: 440.0 MiB
2025-01-15 19:02:32,697 - INFO - Pod: airflow-statsd-769b757665-r9c65, CPU: 0.004 cores, Memory: 21.0 MiB
2025-01-15 19:02:32,697 - INFO - Pod: airflow-webserver-5fc8dc44b5-xx6rw, CPU: 0.002 cores, Memory: 1264.0 MiB
2025-01-15 19:02:32,697 - INFO - Pod: airflow-worker-0, CPU: 0.036 cores, Memory: 1224.0 MiB
2025-01-15 19:02:32,697 - INFO - Pod: airflow-worker-1, CPU: 0.038 cores, Memory: 1033.0 MiB
2025-01-15 19:02:37,779 - INFO - Pod: airflow-flower-76c88b4d49-7jfcw, CPU: 0.006 cores, Memory: 157.0 MiB
2025-01-15 19:02:37,779 - INFO - Pod: airflow-postgresql-0, CPU: 0.011 cores, Memory: 74.0 MiB
2025-01-15 19:02:37,779 - INFO - Pod: airflow-redis-0, CPU: 0.002 cores, Memory: 11.0 MiB
2025-01-15 19:02:37,780 - INFO - Pod: airflow-scheduler-777d5b4db9-xh6k7, CPU: 0.065 cores, Memory: 440.0 MiB
2025-01-15 19:02:37,780 - INFO - Pod: airflow-statsd-769b757665-r9c65, CPU: 0.004 cores, Memory: 21.0 MiB
2025-01-15 19:02:37,780 - INFO - Pod: airflow-webserver-5fc8dc44b5-xx6rw, CPU: 0.002 cores, Memory: 1264.0 MiB
2025-01-15 19:02:37,780 - INFO - Pod: airflow-worker-0, CPU: 0.036 cores, Memory: 1224.0 MiB
2025-01-15 19:02:37,780 - INFO - Pod: airflow-worker-1, CPU: 0.038 cores, Memory: 1033.0 MiB
2025-01-15 19:02:42,859 - INFO - Pod: airflow-flower-76c88b4d49-7jfcw, CPU: 0.006 cores, Memory: 157.0 MiB
2025-01-15 19:02:42,860 - INFO - Pod: airflow-postgresql-0, CPU: 0.011 cores, Memory: 74.0 MiB
2025-01-15 19:02:42,860 - INFO - Pod: airflow-redis-0, CPU: 0.002 cores, Memory: 11.0 MiB
2025-01-15 19:02:42,860 - INFO - Pod: airflow-scheduler-777d5b4db9-xh6k7, CPU: 0.065 cores, Memory: 440.0 MiB
2025-01-15 19:02:42,861 - INFO - Pod: airflow-statsd-769b757665-r9c65, CPU: 0.004 cores, Memory: 21.0 MiB
2025-01-15 19:02:42,861 - INFO - Pod: airflow-webserver-5fc8dc44b5-xx6rw, CPU: 0.002 cores, Memory: 1264.0 MiB
2025-01-15 19:02:42,861 - INFO - Pod: airflow-worker-0, CPU: 0.036 cores, Memory: 1224.0 MiB
2025-01-15 19:02:42,862 - INFO - Pod: airflow-worker-1, CPU: 0.038 cores, Memory: 1033.0 MiB
2025-01-15 19:02:47,930 - INFO - Pod: airflow-flower-76c88b4d49-7jfcw, CPU: 0.006 cores, Memory: 157.0 MiB
2025-01-15 19:02:47,931 - INFO - Pod: airflow-postgresql-0, CPU: 0.03 cores, Memory: 76.0 MiB
2025-01-15 19:02:47,931 - INFO - Pod: airflow-redis-0, CPU: 0.002 cores, Memory: 12.0 MiB
2025-01-15 19:02:47,931 - INFO - Pod: airflow-scheduler-777d5b4db9-xh6k7, CPU: 0.084 cores, Memory: 445.0 MiB
2025-01-15 19:02:47,931 - INFO - Pod: airflow-statsd-769b757665-r9c65, CPU: 0.004 cores, Memory: 22.0 MiB
2025-01-15 19:02:47,931 - INFO - Pod: airflow-webserver-5fc8dc44b5-xx6rw, CPU: 0.017 cores, Memory: 1264.0 MiB
2025-01-15 19:02:47,931 - INFO - Pod: airflow-worker-0, CPU: 0.09 cores, Memory: 1221.0 MiB
2025-01-15 19:02:47,931 - INFO - Pod: airflow-worker-1, CPU: 0.105 cores, Memory: 986.0 MiB
2025-01-15 19:02:53,013 - INFO - Pod: airflow-flower-76c88b4d49-7jfcw, CPU: 0.006 cores, Memory: 157.0 MiB
2025-01-15 19:02:53,013 - INFO - Pod: airflow-postgresql-0, CPU: 0.03 cores, Memory: 76.0 MiB
2025-01-15 19:02:53,013 - INFO - Pod: airflow-redis-0, CPU: 0.002 cores, Memory: 12.0 MiB
2025-01-15 19:02:53,014 - INFO - Pod: airflow-scheduler-777d5b4db9-xh6k7, CPU: 0.084 cores, Memory: 445.0 MiB
2025-01-15 19:02:53,014 - INFO - Pod: airflow-statsd-769b757665-r9c65, CPU: 0.004 cores, Memory: 22.0 MiB
2025-01-15 19:02:53,014 - INFO - Pod: airflow-webserver-5fc8dc44b5-xx6rw, CPU: 0.017 cores, Memory: 1264.0 MiB
2025-01-15 19:02:53,014 - INFO - Pod: airflow-worker-0, CPU: 0.09 cores, Memory: 1221.0 MiB
2025-01-15 19:02:53,015 - INFO - Pod: airflow-worker-1, CPU: 0.105 cores, Memory: 986.0 MiB
2025-01-15 19:02:58,086 - INFO - Pod: airflow-flower-76c88b4d49-7jfcw, CPU: 0.006 cores, Memory: 157.0 MiB
2025-01-15 19:02:58,086 - INFO - Pod: airflow-postgresql-0, CPU: 0.03 cores, Memory: 76.0 MiB
2025-01-15 19:02:58,086 - INFO - Pod: airflow-redis-0, CPU: 0.002 cores, Memory: 12.0 MiB
2025-01-15 19:02:58,087 - INFO - Pod: airflow-scheduler-777d5b4db9-xh6k7, CPU: 0.084 cores, Memory: 445.0 MiB
2025-01-15 19:02:58,087 - INFO - Pod: airflow-statsd-769b757665-r9c65, CPU: 0.004 cores, Memory: 22.0 MiB
2025-01-15 19:02:58,087 - INFO - Pod: airflow-webserver-5fc8dc44b5-xx6rw, CPU: 0.017 cores, Memory: 1264.0 MiB
2025-01-15 19:02:58,087 - INFO - Pod: airflow-worker-0, CPU: 0.09 cores, Memory: 1221.0 MiB
2025-01-15 19:02:58,087 - INFO - Pod: airflow-worker-1, CPU: 0.105 cores, Memory: 986.0 MiB
2025-01-15 19:03:03,171 - INFO - Pod: airflow-flower-76c88b4d49-7jfcw, CPU: 0.006 cores, Memory: 157.0 MiB
2025-01-15 19:03:03,171 - INFO - Pod: airflow-postgresql-0, CPU: 0.03 cores, Memory: 76.0 MiB
2025-01-15 19:03:03,172 - INFO - Pod: airflow-redis-0, CPU: 0.002 cores, Memory: 12.0 MiB
2025-01-15 19:03:03,173 - INFO - Pod: airflow-scheduler-777d5b4db9-xh6k7, CPU: 0.084 cores, Memory: 445.0 MiB
2025-01-15 19:03:03,173 - INFO - Pod: airflow-statsd-769b757665-r9c65, CPU: 0.004 cores, Memory: 22.0 MiB
2025-01-15 19:03:03,173 - INFO - Pod: airflow-webserver-5fc8dc44b5-xx6rw, CPU: 0.017 cores, Memory: 1264.0 MiB
2025-01-15 19:03:03,174 - INFO - Pod: airflow-worker-0, CPU: 0.09 cores, Memory: 1221.0 MiB
2025-01-15 19:03:03,175 - INFO - Pod: airflow-worker-1, CPU: 0.105 cores, Memory: 986.0 MiB
2025-01-15 19:03:08,251 - INFO - Pod: airflow-flower-76c88b4d49-7jfcw, CPU: 0.006 cores, Memory: 157.0 MiB
2025-01-15 19:03:08,252 - INFO - Pod: airflow-postgresql-0, CPU: 0.03 cores, Memory: 76.0 MiB
2025-01-15 19:03:08,252 - INFO - Pod: airflow-redis-0, CPU: 0.002 cores, Memory: 12.0 MiB
2025-01-15 19:03:08,253 - INFO - Pod: airflow-scheduler-777d5b4db9-xh6k7, CPU: 0.084 cores, Memory: 445.0 MiB
2025-01-15 19:03:08,253 - INFO - Pod: airflow-statsd-769b757665-r9c65, CPU: 0.004 cores, Memory: 22.0 MiB
2025-01-15 19:03:08,253 - INFO - Pod: airflow-webserver-5fc8dc44b5-xx6rw, CPU: 0.017 cores, Memory: 1264.0 MiB
2025-01-15 19:03:08,253 - INFO - Pod: airflow-worker-0, CPU: 0.09 cores, Memory: 1221.0 MiB
2025-01-15 19:03:08,254 - INFO - Pod: airflow-worker-1, CPU: 0.105 cores, Memory: 986.0 MiB
2025-01-15 19:03:13,336 - INFO - Pod: airflow-flower-76c88b4d49-7jfcw, CPU: 0.006 cores, Memory: 157.0 MiB
2025-01-15 19:03:13,336 - INFO - Pod: airflow-postgresql-0, CPU: 0.03 cores, Memory: 76.0 MiB
2025-01-15 19:03:13,336 - INFO - Pod: airflow-redis-0, CPU: 0.002 cores, Memory: 12.0 MiB
2025-01-15 19:03:13,337 - INFO - Pod: airflow-scheduler-777d5b4db9-xh6k7, CPU: 0.084 cores, Memory: 445.0 MiB
2025-01-15 19:03:13,337 - INFO - Pod: airflow-statsd-769b757665-r9c65, CPU: 0.004 cores, Memory: 22.0 MiB
2025-01-15 19:03:13,337 - INFO - Pod: airflow-webserver-5fc8dc44b5-xx6rw, CPU: 0.017 cores, Memory: 1264.0 MiB
2025-01-15 19:03:13,337 - INFO - Pod: airflow-worker-0, CPU: 0.09 cores, Memory: 1221.0 MiB
2025-01-15 19:03:13,338 - INFO - Pod: airflow-worker-1, CPU: 0.105 cores, Memory: 986.0 MiB
2025-01-15 19:03:18,417 - INFO - Pod: airflow-flower-76c88b4d49-7jfcw, CPU: 0.006 cores, Memory: 157.0 MiB
2025-01-15 19:03:18,417 - INFO - Pod: airflow-postgresql-0, CPU: 0.03 cores, Memory: 76.0 MiB
2025-01-15 19:03:18,417 - INFO - Pod: airflow-redis-0, CPU: 0.002 cores, Memory: 12.0 MiB
2025-01-15 19:03:18,418 - INFO - Pod: airflow-scheduler-777d5b4db9-xh6k7, CPU: 0.084 cores, Memory: 445.0 MiB
2025-01-15 19:03:18,418 - INFO - Pod: airflow-statsd-769b757665-r9c65, CPU: 0.004 cores, Memory: 22.0 MiB
2025-01-15 19:03:18,418 - INFO - Pod: airflow-webserver-5fc8dc44b5-xx6rw, CPU: 0.017 cores, Memory: 1264.0 MiB
2025-01-15 19:03:18,419 - INFO - Pod: airflow-worker-0, CPU: 0.09 cores, Memory: 1221.0 MiB
2025-01-15 19:03:18,419 - INFO - Pod: airflow-worker-1, CPU: 0.105 cores, Memory: 986.0 MiB
2025-01-15 19:03:23,493 - INFO - Pod: airflow-flower-76c88b4d49-7jfcw, CPU: 0.006 cores, Memory: 157.0 MiB
2025-01-15 19:03:23,493 - INFO - Pod: airflow-postgresql-0, CPU: 0.03 cores, Memory: 76.0 MiB
2025-01-15 19:03:23,494 - INFO - Pod: airflow-redis-0, CPU: 0.002 cores, Memory: 12.0 MiB
2025-01-15 19:03:23,494 - INFO - Pod: airflow-scheduler-777d5b4db9-xh6k7, CPU: 0.084 cores, Memory: 445.0 MiB
2025-01-15 19:03:23,494 - INFO - Pod: airflow-statsd-769b757665-r9c65, CPU: 0.004 cores, Memory: 22.0 MiB
2025-01-15 19:03:23,494 - INFO - Pod: airflow-webserver-5fc8dc44b5-xx6rw, CPU: 0.017 cores, Memory: 1264.0 MiB
2025-01-15 19:03:23,494 - INFO - Pod: airflow-worker-0, CPU: 0.09 cores, Memory: 1221.0 MiB
2025-01-15 19:03:23,494 - INFO - Pod: airflow-worker-1, CPU: 0.105 cores, Memory: 986.0 MiB
2025-01-15 19:03:28,575 - INFO - Pod: airflow-flower-76c88b4d49-7jfcw, CPU: 0.006 cores, Memory: 157.0 MiB
2025-01-15 19:03:28,575 - INFO - Pod: airflow-postgresql-0, CPU: 0.03 cores, Memory: 76.0 MiB
2025-01-15 19:03:28,576 - INFO - Pod: airflow-redis-0, CPU: 0.002 cores, Memory: 12.0 MiB
2025-01-15 19:03:28,576 - INFO - Pod: airflow-scheduler-777d5b4db9-xh6k7, CPU: 0.084 cores, Memory: 445.0 MiB
2025-01-15 19:03:28,577 - INFO - Pod: airflow-statsd-769b757665-r9c65, CPU: 0.004 cores, Memory: 22.0 MiB
2025-01-15 19:03:28,577 - INFO - Pod: airflow-webserver-5fc8dc44b5-xx6rw, CPU: 0.017 cores, Memory: 1264.0 MiB
2025-01-15 19:03:28,577 - INFO - Pod: airflow-worker-0, CPU: 0.09 cores, Memory: 1221.0 MiB
2025-01-15 19:03:28,578 - INFO - Pod: airflow-worker-1, CPU: 0.105 cores, Memory: 986.0 MiB
2025-01-15 19:03:33,652 - INFO - Pod: airflow-flower-76c88b4d49-7jfcw, CPU: 0.006 cores, Memory: 157.0 MiB
2025-01-15 19:03:33,652 - INFO - Pod: airflow-postgresql-0, CPU: 0.03 cores, Memory: 76.0 MiB
2025-01-15 19:03:33,653 - INFO - Pod: airflow-redis-0, CPU: 0.002 cores, Memory: 12.0 MiB
2025-01-15 19:03:33,653 - INFO - Pod: airflow-scheduler-777d5b4db9-xh6k7, CPU: 0.084 cores, Memory: 445.0 MiB
2025-01-15 19:03:33,653 - INFO - Pod: airflow-statsd-769b757665-r9c65, CPU: 0.004 cores, Memory: 22.0 MiB
2025-01-15 19:03:33,654 - INFO - Pod: airflow-webserver-5fc8dc44b5-xx6rw, CPU: 0.017 cores, Memory: 1264.0 MiB
2025-01-15 19:03:33,654 - INFO - Pod: airflow-worker-0, CPU: 0.09 cores, Memory: 1221.0 MiB
2025-01-15 19:03:33,654 - INFO - Pod: airflow-worker-1, CPU: 0.105 cores, Memory: 986.0 MiB
2025-01-15 19:03:38,736 - INFO - Pod: airflow-flower-76c88b4d49-7jfcw, CPU: 0.006 cores, Memory: 157.0 MiB
2025-01-15 19:03:38,737 - INFO - Pod: airflow-postgresql-0, CPU: 0.03 cores, Memory: 76.0 MiB
2025-01-15 19:03:38,737 - INFO - Pod: airflow-redis-0, CPU: 0.002 cores, Memory: 12.0 MiB
2025-01-15 19:03:38,737 - INFO - Pod: airflow-scheduler-777d5b4db9-xh6k7, CPU: 0.084 cores, Memory: 445.0 MiB
2025-01-15 19:03:38,738 - INFO - Pod: airflow-statsd-769b757665-r9c65, CPU: 0.004 cores, Memory: 22.0 MiB
2025-01-15 19:03:38,738 - INFO - Pod: airflow-webserver-5fc8dc44b5-xx6rw, CPU: 0.017 cores, Memory: 1264.0 MiB
2025-01-15 19:03:38,738 - INFO - Pod: airflow-worker-0, CPU: 0.09 cores, Memory: 1221.0 MiB
2025-01-15 19:03:38,739 - INFO - Pod: airflow-worker-1, CPU: 0.105 cores, Memory: 986.0 MiB
2025-01-15 19:03:43,799 - INFO - Pod: airflow-flower-76c88b4d49-7jfcw, CPU: 0.006 cores, Memory: 157.0 MiB
2025-01-15 19:03:43,799 - INFO - Pod: airflow-postgresql-0, CPU: 0.03 cores, Memory: 76.0 MiB
2025-01-15 19:03:43,800 - INFO - Pod: airflow-redis-0, CPU: 0.002 cores, Memory: 12.0 MiB
2025-01-15 19:03:43,800 - INFO - Pod: airflow-scheduler-777d5b4db9-xh6k7, CPU: 0.084 cores, Memory: 445.0 MiB
2025-01-15 19:03:43,800 - INFO - Pod: airflow-statsd-769b757665-r9c65, CPU: 0.004 cores, Memory: 22.0 MiB
2025-01-15 19:03:43,800 - INFO - Pod: airflow-webserver-5fc8dc44b5-xx6rw, CPU: 0.017 cores, Memory: 1264.0 MiB
2025-01-15 19:03:43,800 - INFO - Pod: airflow-worker-0, CPU: 0.09 cores, Memory: 1221.0 MiB
2025-01-15 19:03:43,800 - INFO - Pod: airflow-worker-1, CPU: 0.105 cores, Memory: 986.0 MiB
2025-01-20 10:27:11,646 - ERROR - Error running kubectl top pods: error: Metrics API not available

2025-01-20 10:27:16,769 - ERROR - Error running kubectl top pods: error: Metrics API not available

2025-01-20 10:28:07,034 - ERROR - Error running kubectl top pods: error: Metrics API not available

2025-01-20 10:30:48,293 - INFO - Pod: airflow-flower-76c88b4d49-g79kx, CPU: 0.007 cores, Memory: 199.0 MiB
2025-01-20 10:30:48,294 - INFO - Pod: airflow-postgresql-0, CPU: 0.014 cores, Memory: 76.0 MiB
2025-01-20 10:30:48,294 - INFO - Pod: airflow-redis-0, CPU: 0.002 cores, Memory: 13.0 MiB
2025-01-20 10:30:48,295 - INFO - Pod: airflow-scheduler-777d5b4db9-wtvcq, CPU: 0.101 cores, Memory: 324.0 MiB
2025-01-20 10:30:48,295 - INFO - Pod: airflow-statsd-769b757665-9wfv5, CPU: 0.004 cores, Memory: 18.0 MiB
2025-01-20 10:30:48,295 - INFO - Pod: airflow-webserver-7fb57477c4-m8ln9, CPU: 0.003 cores, Memory: 1362.0 MiB
2025-01-20 10:30:48,295 - INFO - Pod: airflow-worker-0, CPU: 0.061 cores, Memory: 1321.0 MiB
2025-01-20 10:30:48,295 - INFO - Pod: airflow-worker-1, CPU: 0.04 cores, Memory: 1302.0 MiB
2025-01-20 10:30:53,398 - INFO - Pod: airflow-flower-76c88b4d49-g79kx, CPU: 0.007 cores, Memory: 197.0 MiB
2025-01-20 10:30:53,398 - INFO - Pod: airflow-postgresql-0, CPU: 0.013 cores, Memory: 75.0 MiB
2025-01-20 10:30:53,398 - INFO - Pod: airflow-redis-0, CPU: 0.002 cores, Memory: 12.0 MiB
2025-01-20 10:30:53,398 - INFO - Pod: airflow-scheduler-777d5b4db9-wtvcq, CPU: 0.092 cores, Memory: 338.0 MiB
2025-01-20 10:30:53,398 - INFO - Pod: airflow-statsd-769b757665-9wfv5, CPU: 0.004 cores, Memory: 18.0 MiB
2025-01-20 10:30:53,399 - INFO - Pod: airflow-webserver-7fb57477c4-m8ln9, CPU: 0.003 cores, Memory: 1358.0 MiB
2025-01-20 10:30:53,399 - INFO - Pod: airflow-worker-0, CPU: 0.057 cores, Memory: 1313.0 MiB
2025-01-20 10:30:53,399 - INFO - Pod: airflow-worker-1, CPU: 0.05 cores, Memory: 1313.0 MiB
2025-01-20 10:30:58,486 - INFO - Pod: airflow-flower-76c88b4d49-g79kx, CPU: 0.007 cores, Memory: 197.0 MiB
2025-01-20 10:30:58,486 - INFO - Pod: airflow-postgresql-0, CPU: 0.013 cores, Memory: 75.0 MiB
2025-01-20 10:30:58,486 - INFO - Pod: airflow-redis-0, CPU: 0.002 cores, Memory: 12.0 MiB
2025-01-20 10:30:58,486 - INFO - Pod: airflow-scheduler-777d5b4db9-wtvcq, CPU: 0.092 cores, Memory: 338.0 MiB
2025-01-20 10:30:58,486 - INFO - Pod: airflow-statsd-769b757665-9wfv5, CPU: 0.004 cores, Memory: 18.0 MiB
2025-01-20 10:30:58,488 - INFO - Pod: airflow-webserver-7fb57477c4-m8ln9, CPU: 0.003 cores, Memory: 1358.0 MiB
2025-01-20 10:30:58,488 - INFO - Pod: airflow-worker-0, CPU: 0.057 cores, Memory: 1313.0 MiB
2025-01-20 10:30:58,488 - INFO - Pod: airflow-worker-1, CPU: 0.05 cores, Memory: 1313.0 MiB
2025-01-20 10:31:03,561 - INFO - Pod: airflow-flower-76c88b4d49-g79kx, CPU: 0.007 cores, Memory: 197.0 MiB
2025-01-20 10:31:03,562 - INFO - Pod: airflow-postgresql-0, CPU: 0.013 cores, Memory: 75.0 MiB
2025-01-20 10:31:03,562 - INFO - Pod: airflow-redis-0, CPU: 0.002 cores, Memory: 12.0 MiB
2025-01-20 10:31:03,562 - INFO - Pod: airflow-scheduler-777d5b4db9-wtvcq, CPU: 0.092 cores, Memory: 338.0 MiB
2025-01-20 10:31:03,562 - INFO - Pod: airflow-statsd-769b757665-9wfv5, CPU: 0.004 cores, Memory: 18.0 MiB
2025-01-20 10:31:03,562 - INFO - Pod: airflow-webserver-7fb57477c4-m8ln9, CPU: 0.003 cores, Memory: 1358.0 MiB
2025-01-20 10:31:03,562 - INFO - Pod: airflow-worker-0, CPU: 0.057 cores, Memory: 1313.0 MiB
2025-01-20 10:31:03,563 - INFO - Pod: airflow-worker-1, CPU: 0.05 cores, Memory: 1313.0 MiB
2025-01-20 10:31:08,644 - INFO - Pod: airflow-flower-76c88b4d49-g79kx, CPU: 0.007 cores, Memory: 197.0 MiB
2025-01-20 10:31:08,645 - INFO - Pod: airflow-postgresql-0, CPU: 0.013 cores, Memory: 75.0 MiB
2025-01-20 10:31:08,645 - INFO - Pod: airflow-redis-0, CPU: 0.002 cores, Memory: 12.0 MiB
2025-01-20 10:31:08,645 - INFO - Pod: airflow-scheduler-777d5b4db9-wtvcq, CPU: 0.092 cores, Memory: 338.0 MiB
2025-01-20 10:31:08,645 - INFO - Pod: airflow-statsd-769b757665-9wfv5, CPU: 0.004 cores, Memory: 18.0 MiB
2025-01-20 10:31:08,645 - INFO - Pod: airflow-webserver-7fb57477c4-m8ln9, CPU: 0.003 cores, Memory: 1358.0 MiB
2025-01-20 10:31:08,645 - INFO - Pod: airflow-worker-0, CPU: 0.057 cores, Memory: 1313.0 MiB
2025-01-20 10:31:08,646 - INFO - Pod: airflow-worker-1, CPU: 0.05 cores, Memory: 1313.0 MiB
2025-01-20 10:31:13,715 - INFO - Pod: airflow-flower-76c88b4d49-g79kx, CPU: 0.007 cores, Memory: 197.0 MiB
2025-01-20 10:31:13,715 - INFO - Pod: airflow-postgresql-0, CPU: 0.013 cores, Memory: 75.0 MiB
2025-01-20 10:31:13,715 - INFO - Pod: airflow-redis-0, CPU: 0.002 cores, Memory: 12.0 MiB
2025-01-20 10:31:13,716 - INFO - Pod: airflow-scheduler-777d5b4db9-wtvcq, CPU: 0.092 cores, Memory: 338.0 MiB
2025-01-20 10:31:13,716 - INFO - Pod: airflow-statsd-769b757665-9wfv5, CPU: 0.004 cores, Memory: 18.0 MiB
2025-01-20 10:31:13,716 - INFO - Pod: airflow-webserver-7fb57477c4-m8ln9, CPU: 0.003 cores, Memory: 1358.0 MiB
2025-01-20 10:31:13,716 - INFO - Pod: airflow-worker-0, CPU: 0.057 cores, Memory: 1313.0 MiB
2025-01-20 10:31:13,717 - INFO - Pod: airflow-worker-1, CPU: 0.05 cores, Memory: 1313.0 MiB
2025-01-20 10:31:38,092 - INFO - Pod: airflow-flower-76c88b4d49-g79kx, CPU: 0.007 cores, Memory: 197.0 MiB
2025-01-20 10:31:38,092 - INFO - Pod: airflow-postgresql-0, CPU: 0.013 cores, Memory: 75.0 MiB
2025-01-20 10:31:38,092 - INFO - Pod: airflow-redis-0, CPU: 0.002 cores, Memory: 12.0 MiB
2025-01-20 10:31:38,092 - INFO - Pod: airflow-scheduler-777d5b4db9-wtvcq, CPU: 0.092 cores, Memory: 338.0 MiB
2025-01-20 10:31:38,092 - INFO - Pod: airflow-statsd-769b757665-9wfv5, CPU: 0.004 cores, Memory: 18.0 MiB
2025-01-20 10:31:38,092 - INFO - Pod: airflow-webserver-7fb57477c4-m8ln9, CPU: 0.003 cores, Memory: 1358.0 MiB
2025-01-20 10:31:38,092 - INFO - Pod: airflow-worker-0, CPU: 0.057 cores, Memory: 1313.0 MiB
2025-01-20 10:31:38,092 - INFO - Pod: airflow-worker-1, CPU: 0.05 cores, Memory: 1313.0 MiB
2025-01-20 10:31:43,165 - INFO - Pod: airflow-flower-76c88b4d49-g79kx, CPU: 0.007 cores, Memory: 197.0 MiB
2025-01-20 10:31:43,166 - INFO - Pod: airflow-postgresql-0, CPU: 0.013 cores, Memory: 75.0 MiB
2025-01-20 10:31:43,166 - INFO - Pod: airflow-redis-0, CPU: 0.002 cores, Memory: 12.0 MiB
2025-01-20 10:31:43,166 - INFO - Pod: airflow-scheduler-777d5b4db9-wtvcq, CPU: 0.092 cores, Memory: 338.0 MiB
2025-01-20 10:31:43,166 - INFO - Pod: airflow-statsd-769b757665-9wfv5, CPU: 0.004 cores, Memory: 18.0 MiB
2025-01-20 10:31:43,166 - INFO - Pod: airflow-webserver-7fb57477c4-m8ln9, CPU: 0.003 cores, Memory: 1358.0 MiB
2025-01-20 10:31:43,167 - INFO - Pod: airflow-worker-0, CPU: 0.057 cores, Memory: 1313.0 MiB
2025-01-20 10:31:43,167 - INFO - Pod: airflow-worker-1, CPU: 0.05 cores, Memory: 1313.0 MiB
2025-01-20 10:31:48,244 - INFO - Pod: airflow-flower-76c88b4d49-g79kx, CPU: 0.007 cores, Memory: 197.0 MiB
2025-01-20 10:31:48,244 - INFO - Pod: airflow-postgresql-0, CPU: 0.013 cores, Memory: 75.0 MiB
2025-01-20 10:31:48,244 - INFO - Pod: airflow-redis-0, CPU: 0.002 cores, Memory: 12.0 MiB
2025-01-20 10:31:48,244 - INFO - Pod: airflow-scheduler-777d5b4db9-wtvcq, CPU: 0.092 cores, Memory: 338.0 MiB
2025-01-20 10:31:48,244 - INFO - Pod: airflow-statsd-769b757665-9wfv5, CPU: 0.004 cores, Memory: 18.0 MiB
2025-01-20 10:31:48,244 - INFO - Pod: airflow-webserver-7fb57477c4-m8ln9, CPU: 0.003 cores, Memory: 1358.0 MiB
2025-01-20 10:31:48,244 - INFO - Pod: airflow-worker-0, CPU: 0.057 cores, Memory: 1313.0 MiB
2025-01-20 10:31:48,244 - INFO - Pod: airflow-worker-1, CPU: 0.05 cores, Memory: 1313.0 MiB
2025-01-20 10:31:53,440 - INFO - Pod: airflow-flower-76c88b4d49-g79kx, CPU: 0.007 cores, Memory: 196.0 MiB
2025-01-20 10:31:53,441 - INFO - Pod: airflow-postgresql-0, CPU: 0.023 cores, Memory: 75.0 MiB
2025-01-20 10:31:53,441 - INFO - Pod: airflow-redis-0, CPU: 0.002 cores, Memory: 12.0 MiB
2025-01-20 10:31:53,441 - INFO - Pod: airflow-scheduler-777d5b4db9-wtvcq, CPU: 0.095 cores, Memory: 294.0 MiB
2025-01-20 10:31:53,441 - INFO - Pod: airflow-statsd-769b757665-9wfv5, CPU: 0.004 cores, Memory: 18.0 MiB
2025-01-20 10:31:53,441 - INFO - Pod: airflow-webserver-7fb57477c4-m8ln9, CPU: 0.014 cores, Memory: 1376.0 MiB
2025-01-20 10:31:53,442 - INFO - Pod: airflow-worker-0, CPU: 0.081 cores, Memory: 1290.0 MiB
2025-01-20 10:31:53,442 - INFO - Pod: airflow-worker-1, CPU: 0.072 cores, Memory: 1473.0 MiB
2025-01-20 10:31:58,532 - INFO - Pod: airflow-flower-76c88b4d49-g79kx, CPU: 0.007 cores, Memory: 196.0 MiB
2025-01-20 10:31:58,532 - INFO - Pod: airflow-postgresql-0, CPU: 0.023 cores, Memory: 75.0 MiB
2025-01-20 10:31:58,532 - INFO - Pod: airflow-redis-0, CPU: 0.002 cores, Memory: 12.0 MiB
2025-01-20 10:31:58,532 - INFO - Pod: airflow-scheduler-777d5b4db9-wtvcq, CPU: 0.095 cores, Memory: 294.0 MiB
2025-01-20 10:31:58,533 - INFO - Pod: airflow-statsd-769b757665-9wfv5, CPU: 0.004 cores, Memory: 18.0 MiB
2025-01-20 10:31:58,533 - INFO - Pod: airflow-webserver-7fb57477c4-m8ln9, CPU: 0.014 cores, Memory: 1376.0 MiB
2025-01-20 10:31:58,533 - INFO - Pod: airflow-worker-0, CPU: 0.081 cores, Memory: 1290.0 MiB
2025-01-20 10:31:58,533 - INFO - Pod: airflow-worker-1, CPU: 0.072 cores, Memory: 1473.0 MiB
2025-01-20 10:32:03,658 - INFO - Pod: airflow-flower-76c88b4d49-g79kx, CPU: 0.007 cores, Memory: 196.0 MiB
2025-01-20 10:32:03,658 - INFO - Pod: airflow-postgresql-0, CPU: 0.023 cores, Memory: 75.0 MiB
2025-01-20 10:32:03,658 - INFO - Pod: airflow-redis-0, CPU: 0.002 cores, Memory: 12.0 MiB
2025-01-20 10:32:03,659 - INFO - Pod: airflow-scheduler-777d5b4db9-wtvcq, CPU: 0.095 cores, Memory: 294.0 MiB
2025-01-20 10:32:03,659 - INFO - Pod: airflow-statsd-769b757665-9wfv5, CPU: 0.004 cores, Memory: 18.0 MiB
2025-01-20 10:32:03,659 - INFO - Pod: airflow-webserver-7fb57477c4-m8ln9, CPU: 0.014 cores, Memory: 1376.0 MiB
2025-01-20 10:32:03,659 - INFO - Pod: airflow-worker-0, CPU: 0.081 cores, Memory: 1290.0 MiB
2025-01-20 10:32:03,659 - INFO - Pod: airflow-worker-1, CPU: 0.072 cores, Memory: 1473.0 MiB
2025-01-20 10:32:08,745 - INFO - Pod: airflow-flower-76c88b4d49-g79kx, CPU: 0.007 cores, Memory: 196.0 MiB
2025-01-20 10:32:08,745 - INFO - Pod: airflow-postgresql-0, CPU: 0.023 cores, Memory: 75.0 MiB
2025-01-20 10:32:08,745 - INFO - Pod: airflow-redis-0, CPU: 0.002 cores, Memory: 12.0 MiB
2025-01-20 10:32:08,745 - INFO - Pod: airflow-scheduler-777d5b4db9-wtvcq, CPU: 0.095 cores, Memory: 294.0 MiB
2025-01-20 10:32:08,745 - INFO - Pod: airflow-statsd-769b757665-9wfv5, CPU: 0.004 cores, Memory: 18.0 MiB
2025-01-20 10:32:08,747 - INFO - Pod: airflow-webserver-7fb57477c4-m8ln9, CPU: 0.014 cores, Memory: 1376.0 MiB
2025-01-20 10:32:08,747 - INFO - Pod: airflow-worker-0, CPU: 0.081 cores, Memory: 1290.0 MiB
2025-01-20 10:32:08,748 - INFO - Pod: airflow-worker-1, CPU: 0.072 cores, Memory: 1473.0 MiB
2025-01-20 10:32:13,832 - INFO - Pod: airflow-flower-76c88b4d49-g79kx, CPU: 0.007 cores, Memory: 196.0 MiB
2025-01-20 10:32:13,833 - INFO - Pod: airflow-postgresql-0, CPU: 0.023 cores, Memory: 75.0 MiB
2025-01-20 10:32:13,833 - INFO - Pod: airflow-redis-0, CPU: 0.002 cores, Memory: 12.0 MiB
2025-01-20 10:32:13,833 - INFO - Pod: airflow-scheduler-777d5b4db9-wtvcq, CPU: 0.095 cores, Memory: 294.0 MiB
2025-01-20 10:32:13,834 - INFO - Pod: airflow-statsd-769b757665-9wfv5, CPU: 0.004 cores, Memory: 18.0 MiB
2025-01-20 10:32:13,834 - INFO - Pod: airflow-webserver-7fb57477c4-m8ln9, CPU: 0.014 cores, Memory: 1376.0 MiB
2025-01-20 10:32:13,834 - INFO - Pod: airflow-worker-0, CPU: 0.081 cores, Memory: 1290.0 MiB
2025-01-20 10:32:13,834 - INFO - Pod: airflow-worker-1, CPU: 0.072 cores, Memory: 1473.0 MiB
2025-01-20 10:32:18,912 - INFO - Pod: airflow-flower-76c88b4d49-g79kx, CPU: 0.007 cores, Memory: 196.0 MiB
2025-01-20 10:32:18,913 - INFO - Pod: airflow-postgresql-0, CPU: 0.023 cores, Memory: 75.0 MiB
2025-01-20 10:32:18,913 - INFO - Pod: airflow-redis-0, CPU: 0.002 cores, Memory: 12.0 MiB
2025-01-20 10:32:18,913 - INFO - Pod: airflow-scheduler-777d5b4db9-wtvcq, CPU: 0.095 cores, Memory: 294.0 MiB
2025-01-20 10:32:18,913 - INFO - Pod: airflow-statsd-769b757665-9wfv5, CPU: 0.004 cores, Memory: 18.0 MiB
2025-01-20 10:32:18,913 - INFO - Pod: airflow-webserver-7fb57477c4-m8ln9, CPU: 0.014 cores, Memory: 1376.0 MiB
2025-01-20 10:32:18,913 - INFO - Pod: airflow-worker-0, CPU: 0.081 cores, Memory: 1290.0 MiB
2025-01-20 10:32:18,913 - INFO - Pod: airflow-worker-1, CPU: 0.072 cores, Memory: 1473.0 MiB
2025-01-20 10:32:23,995 - INFO - Pod: airflow-flower-76c88b4d49-g79kx, CPU: 0.007 cores, Memory: 196.0 MiB
2025-01-20 10:32:23,996 - INFO - Pod: airflow-postgresql-0, CPU: 0.023 cores, Memory: 75.0 MiB
2025-01-20 10:32:23,996 - INFO - Pod: airflow-redis-0, CPU: 0.002 cores, Memory: 12.0 MiB
2025-01-20 10:32:23,996 - INFO - Pod: airflow-scheduler-777d5b4db9-wtvcq, CPU: 0.095 cores, Memory: 294.0 MiB
2025-01-20 10:32:23,997 - INFO - Pod: airflow-statsd-769b757665-9wfv5, CPU: 0.004 cores, Memory: 18.0 MiB
2025-01-20 10:32:23,997 - INFO - Pod: airflow-webserver-7fb57477c4-m8ln9, CPU: 0.014 cores, Memory: 1376.0 MiB
2025-01-20 10:32:23,997 - INFO - Pod: airflow-worker-0, CPU: 0.081 cores, Memory: 1290.0 MiB
2025-01-20 10:32:23,998 - INFO - Pod: airflow-worker-1, CPU: 0.072 cores, Memory: 1473.0 MiB
2025-01-20 10:32:29,183 - INFO - Pod: airflow-flower-76c88b4d49-g79kx, CPU: 0.007 cores, Memory: 196.0 MiB
2025-01-20 10:32:29,184 - INFO - Pod: airflow-postgresql-0, CPU: 0.023 cores, Memory: 75.0 MiB
2025-01-20 10:32:29,184 - INFO - Pod: airflow-redis-0, CPU: 0.002 cores, Memory: 12.0 MiB
2025-01-20 10:32:29,184 - INFO - Pod: airflow-scheduler-777d5b4db9-wtvcq, CPU: 0.095 cores, Memory: 294.0 MiB
2025-01-20 10:32:29,184 - INFO - Pod: airflow-statsd-769b757665-9wfv5, CPU: 0.004 cores, Memory: 18.0 MiB
2025-01-20 10:32:29,184 - INFO - Pod: airflow-webserver-7fb57477c4-m8ln9, CPU: 0.014 cores, Memory: 1376.0 MiB
2025-01-20 10:32:29,184 - INFO - Pod: airflow-worker-0, CPU: 0.081 cores, Memory: 1290.0 MiB
2025-01-20 10:32:29,185 - INFO - Pod: airflow-worker-1, CPU: 0.072 cores, Memory: 1473.0 MiB
2025-01-20 10:32:34,311 - INFO - Pod: airflow-flower-76c88b4d49-g79kx, CPU: 0.007 cores, Memory: 196.0 MiB
2025-01-20 10:32:34,311 - INFO - Pod: airflow-postgresql-0, CPU: 0.023 cores, Memory: 75.0 MiB
2025-01-20 10:32:34,311 - INFO - Pod: airflow-redis-0, CPU: 0.002 cores, Memory: 12.0 MiB
2025-01-20 10:32:34,311 - INFO - Pod: airflow-scheduler-777d5b4db9-wtvcq, CPU: 0.095 cores, Memory: 294.0 MiB
2025-01-20 10:32:34,311 - INFO - Pod: airflow-statsd-769b757665-9wfv5, CPU: 0.004 cores, Memory: 18.0 MiB
2025-01-20 10:32:34,311 - INFO - Pod: airflow-webserver-7fb57477c4-m8ln9, CPU: 0.014 cores, Memory: 1376.0 MiB
2025-01-20 10:32:34,311 - INFO - Pod: airflow-worker-0, CPU: 0.081 cores, Memory: 1290.0 MiB
2025-01-20 10:32:34,311 - INFO - Pod: airflow-worker-1, CPU: 0.072 cores, Memory: 1473.0 MiB
2025-01-20 10:32:39,395 - INFO - Pod: airflow-flower-76c88b4d49-g79kx, CPU: 0.007 cores, Memory: 196.0 MiB
2025-01-20 10:32:39,396 - INFO - Pod: airflow-postgresql-0, CPU: 0.023 cores, Memory: 75.0 MiB
2025-01-20 10:32:39,396 - INFO - Pod: airflow-redis-0, CPU: 0.002 cores, Memory: 12.0 MiB
2025-01-20 10:32:39,396 - INFO - Pod: airflow-scheduler-777d5b4db9-wtvcq, CPU: 0.095 cores, Memory: 294.0 MiB
2025-01-20 10:32:39,396 - INFO - Pod: airflow-statsd-769b757665-9wfv5, CPU: 0.004 cores, Memory: 18.0 MiB
2025-01-20 10:32:39,396 - INFO - Pod: airflow-webserver-7fb57477c4-m8ln9, CPU: 0.014 cores, Memory: 1376.0 MiB
2025-01-20 10:32:39,397 - INFO - Pod: airflow-worker-0, CPU: 0.081 cores, Memory: 1290.0 MiB
2025-01-20 10:32:39,397 - INFO - Pod: airflow-worker-1, CPU: 0.072 cores, Memory: 1473.0 MiB
2025-01-20 10:32:44,520 - INFO - Pod: airflow-flower-76c88b4d49-g79kx, CPU: 0.007 cores, Memory: 196.0 MiB
2025-01-20 10:32:44,522 - INFO - Pod: airflow-postgresql-0, CPU: 0.023 cores, Memory: 75.0 MiB
2025-01-20 10:32:44,522 - INFO - Pod: airflow-redis-0, CPU: 0.002 cores, Memory: 12.0 MiB
2025-01-20 10:32:44,522 - INFO - Pod: airflow-scheduler-777d5b4db9-wtvcq, CPU: 0.095 cores, Memory: 294.0 MiB
2025-01-20 10:32:44,522 - INFO - Pod: airflow-statsd-769b757665-9wfv5, CPU: 0.004 cores, Memory: 18.0 MiB
2025-01-20 10:32:44,522 - INFO - Pod: airflow-webserver-7fb57477c4-m8ln9, CPU: 0.014 cores, Memory: 1376.0 MiB
2025-01-20 10:32:44,522 - INFO - Pod: airflow-worker-0, CPU: 0.081 cores, Memory: 1290.0 MiB
2025-01-20 10:32:44,522 - INFO - Pod: airflow-worker-1, CPU: 0.072 cores, Memory: 1473.0 MiB
2025-01-20 10:32:49,662 - INFO - Pod: airflow-flower-76c88b4d49-g79kx, CPU: 0.008 cores, Memory: 197.0 MiB
2025-01-20 10:32:49,662 - INFO - Pod: airflow-postgresql-0, CPU: 0.033 cores, Memory: 77.0 MiB
2025-01-20 10:32:49,662 - INFO - Pod: airflow-redis-0, CPU: 0.002 cores, Memory: 10.0 MiB
2025-01-20 10:32:49,665 - INFO - Pod: airflow-scheduler-777d5b4db9-wtvcq, CPU: 0.123 cores, Memory: 313.0 MiB
2025-01-20 10:32:49,665 - INFO - Pod: airflow-statsd-769b757665-9wfv5, CPU: 0.004 cores, Memory: 17.0 MiB
2025-01-20 10:32:49,665 - INFO - Pod: airflow-webserver-7fb57477c4-m8ln9, CPU: 0.021 cores, Memory: 1404.0 MiB
2025-01-20 10:32:49,665 - INFO - Pod: airflow-worker-0, CPU: 0.06 cores, Memory: 1274.0 MiB
2025-01-20 10:32:49,665 - INFO - Pod: airflow-worker-1, CPU: 0.069 cores, Memory: 1488.0 MiB
2025-01-20 10:32:54,827 - INFO - Pod: airflow-flower-76c88b4d49-g79kx, CPU: 0.008 cores, Memory: 197.0 MiB
2025-01-20 10:32:54,827 - INFO - Pod: airflow-postgresql-0, CPU: 0.033 cores, Memory: 77.0 MiB
2025-01-20 10:32:54,827 - INFO - Pod: airflow-redis-0, CPU: 0.002 cores, Memory: 10.0 MiB
2025-01-20 10:32:54,828 - INFO - Pod: airflow-scheduler-777d5b4db9-wtvcq, CPU: 0.123 cores, Memory: 313.0 MiB
2025-01-20 10:32:54,828 - INFO - Pod: airflow-statsd-769b757665-9wfv5, CPU: 0.004 cores, Memory: 17.0 MiB
2025-01-20 10:32:54,828 - INFO - Pod: airflow-webserver-7fb57477c4-m8ln9, CPU: 0.021 cores, Memory: 1404.0 MiB
2025-01-20 10:32:54,828 - INFO - Pod: airflow-worker-0, CPU: 0.06 cores, Memory: 1274.0 MiB
2025-01-20 10:32:54,829 - INFO - Pod: airflow-worker-1, CPU: 0.069 cores, Memory: 1488.0 MiB
2025-01-20 10:33:00,146 - INFO - Pod: airflow-flower-76c88b4d49-g79kx, CPU: 0.008 cores, Memory: 197.0 MiB
2025-01-20 10:33:00,147 - INFO - Pod: airflow-postgresql-0, CPU: 0.033 cores, Memory: 77.0 MiB
2025-01-20 10:33:00,147 - INFO - Pod: airflow-redis-0, CPU: 0.002 cores, Memory: 10.0 MiB
2025-01-20 10:33:00,148 - INFO - Pod: airflow-scheduler-777d5b4db9-wtvcq, CPU: 0.123 cores, Memory: 313.0 MiB
2025-01-20 10:33:00,149 - INFO - Pod: airflow-statsd-769b757665-9wfv5, CPU: 0.004 cores, Memory: 17.0 MiB
2025-01-20 10:33:00,149 - INFO - Pod: airflow-webserver-7fb57477c4-m8ln9, CPU: 0.021 cores, Memory: 1404.0 MiB
2025-01-20 10:33:00,149 - INFO - Pod: airflow-worker-0, CPU: 0.06 cores, Memory: 1274.0 MiB
2025-01-20 10:33:00,150 - INFO - Pod: airflow-worker-1, CPU: 0.069 cores, Memory: 1488.0 MiB
2025-01-20 10:33:05,256 - INFO - Pod: airflow-flower-76c88b4d49-g79kx, CPU: 0.008 cores, Memory: 197.0 MiB
2025-01-20 10:33:05,256 - INFO - Pod: airflow-postgresql-0, CPU: 0.033 cores, Memory: 77.0 MiB
2025-01-20 10:33:05,256 - INFO - Pod: airflow-redis-0, CPU: 0.002 cores, Memory: 10.0 MiB
2025-01-20 10:33:05,257 - INFO - Pod: airflow-scheduler-777d5b4db9-wtvcq, CPU: 0.123 cores, Memory: 313.0 MiB
2025-01-20 10:33:05,258 - INFO - Pod: airflow-statsd-769b757665-9wfv5, CPU: 0.004 cores, Memory: 17.0 MiB
2025-01-20 10:33:05,258 - INFO - Pod: airflow-webserver-7fb57477c4-m8ln9, CPU: 0.021 cores, Memory: 1404.0 MiB
2025-01-20 10:33:05,259 - INFO - Pod: airflow-worker-0, CPU: 0.06 cores, Memory: 1274.0 MiB
2025-01-20 10:33:05,259 - INFO - Pod: airflow-worker-1, CPU: 0.069 cores, Memory: 1488.0 MiB
2025-01-20 10:33:10,371 - INFO - Pod: airflow-flower-76c88b4d49-g79kx, CPU: 0.008 cores, Memory: 197.0 MiB
2025-01-20 10:33:10,371 - INFO - Pod: airflow-postgresql-0, CPU: 0.033 cores, Memory: 77.0 MiB
2025-01-20 10:33:10,372 - INFO - Pod: airflow-redis-0, CPU: 0.002 cores, Memory: 10.0 MiB
2025-01-20 10:33:10,373 - INFO - Pod: airflow-scheduler-777d5b4db9-wtvcq, CPU: 0.123 cores, Memory: 313.0 MiB
2025-01-20 10:33:10,373 - INFO - Pod: airflow-statsd-769b757665-9wfv5, CPU: 0.004 cores, Memory: 17.0 MiB
2025-01-20 10:33:10,373 - INFO - Pod: airflow-webserver-7fb57477c4-m8ln9, CPU: 0.021 cores, Memory: 1404.0 MiB
2025-01-20 10:33:10,374 - INFO - Pod: airflow-worker-0, CPU: 0.06 cores, Memory: 1274.0 MiB
2025-01-20 10:33:10,374 - INFO - Pod: airflow-worker-1, CPU: 0.069 cores, Memory: 1488.0 MiB
2025-01-20 10:33:15,461 - INFO - Pod: airflow-flower-76c88b4d49-g79kx, CPU: 0.008 cores, Memory: 197.0 MiB
2025-01-20 10:33:15,462 - INFO - Pod: airflow-postgresql-0, CPU: 0.033 cores, Memory: 77.0 MiB
2025-01-20 10:33:15,462 - INFO - Pod: airflow-redis-0, CPU: 0.002 cores, Memory: 10.0 MiB
2025-01-20 10:33:15,462 - INFO - Pod: airflow-scheduler-777d5b4db9-wtvcq, CPU: 0.123 cores, Memory: 313.0 MiB
2025-01-20 10:33:15,462 - INFO - Pod: airflow-statsd-769b757665-9wfv5, CPU: 0.004 cores, Memory: 17.0 MiB
2025-01-20 10:33:15,463 - INFO - Pod: airflow-webserver-7fb57477c4-m8ln9, CPU: 0.021 cores, Memory: 1404.0 MiB
2025-01-20 10:33:15,463 - INFO - Pod: airflow-worker-0, CPU: 0.06 cores, Memory: 1274.0 MiB
2025-01-20 10:33:15,464 - INFO - Pod: airflow-worker-1, CPU: 0.069 cores, Memory: 1488.0 MiB
2025-01-20 10:33:20,574 - INFO - Pod: airflow-flower-76c88b4d49-g79kx, CPU: 0.008 cores, Memory: 197.0 MiB
2025-01-20 10:33:20,574 - INFO - Pod: airflow-postgresql-0, CPU: 0.033 cores, Memory: 77.0 MiB
2025-01-20 10:33:20,574 - INFO - Pod: airflow-redis-0, CPU: 0.002 cores, Memory: 10.0 MiB
2025-01-20 10:33:20,574 - INFO - Pod: airflow-scheduler-777d5b4db9-wtvcq, CPU: 0.123 cores, Memory: 313.0 MiB
2025-01-20 10:33:20,574 - INFO - Pod: airflow-statsd-769b757665-9wfv5, CPU: 0.004 cores, Memory: 17.0 MiB
2025-01-20 10:33:20,574 - INFO - Pod: airflow-webserver-7fb57477c4-m8ln9, CPU: 0.021 cores, Memory: 1404.0 MiB
2025-01-20 10:33:20,574 - INFO - Pod: airflow-worker-0, CPU: 0.06 cores, Memory: 1274.0 MiB
2025-01-20 10:33:20,574 - INFO - Pod: airflow-worker-1, CPU: 0.069 cores, Memory: 1488.0 MiB
2025-01-20 10:33:25,714 - INFO - Pod: airflow-flower-76c88b4d49-g79kx, CPU: 0.008 cores, Memory: 197.0 MiB
2025-01-20 10:33:25,715 - INFO - Pod: airflow-postgresql-0, CPU: 0.033 cores, Memory: 77.0 MiB
2025-01-20 10:33:25,716 - INFO - Pod: airflow-redis-0, CPU: 0.002 cores, Memory: 10.0 MiB
2025-01-20 10:33:25,716 - INFO - Pod: airflow-scheduler-777d5b4db9-wtvcq, CPU: 0.123 cores, Memory: 313.0 MiB
2025-01-20 10:33:25,717 - INFO - Pod: airflow-statsd-769b757665-9wfv5, CPU: 0.004 cores, Memory: 17.0 MiB
2025-01-20 10:33:25,717 - INFO - Pod: airflow-webserver-7fb57477c4-m8ln9, CPU: 0.021 cores, Memory: 1404.0 MiB
2025-01-20 10:33:25,718 - INFO - Pod: airflow-worker-0, CPU: 0.06 cores, Memory: 1274.0 MiB
2025-01-20 10:33:25,719 - INFO - Pod: airflow-worker-1, CPU: 0.069 cores, Memory: 1488.0 MiB
2025-01-20 10:33:30,829 - INFO - Pod: airflow-flower-76c88b4d49-g79kx, CPU: 0.008 cores, Memory: 197.0 MiB
2025-01-20 10:33:30,830 - INFO - Pod: airflow-postgresql-0, CPU: 0.033 cores, Memory: 77.0 MiB
2025-01-20 10:33:30,830 - INFO - Pod: airflow-redis-0, CPU: 0.002 cores, Memory: 10.0 MiB
2025-01-20 10:33:30,830 - INFO - Pod: airflow-scheduler-777d5b4db9-wtvcq, CPU: 0.123 cores, Memory: 313.0 MiB
2025-01-20 10:33:30,831 - INFO - Pod: airflow-statsd-769b757665-9wfv5, CPU: 0.004 cores, Memory: 17.0 MiB
2025-01-20 10:33:30,831 - INFO - Pod: airflow-webserver-7fb57477c4-m8ln9, CPU: 0.021 cores, Memory: 1404.0 MiB
2025-01-20 10:33:30,831 - INFO - Pod: airflow-worker-0, CPU: 0.06 cores, Memory: 1274.0 MiB
2025-01-20 10:33:30,832 - INFO - Pod: airflow-worker-1, CPU: 0.069 cores, Memory: 1488.0 MiB
2025-01-20 10:33:35,906 - INFO - Pod: airflow-flower-76c88b4d49-g79kx, CPU: 0.008 cores, Memory: 197.0 MiB
2025-01-20 10:33:35,906 - INFO - Pod: airflow-postgresql-0, CPU: 0.033 cores, Memory: 77.0 MiB
2025-01-20 10:33:35,906 - INFO - Pod: airflow-redis-0, CPU: 0.002 cores, Memory: 10.0 MiB
2025-01-20 10:33:35,906 - INFO - Pod: airflow-scheduler-777d5b4db9-wtvcq, CPU: 0.123 cores, Memory: 313.0 MiB
2025-01-20 10:33:35,906 - INFO - Pod: airflow-statsd-769b757665-9wfv5, CPU: 0.004 cores, Memory: 17.0 MiB
2025-01-20 10:33:35,906 - INFO - Pod: airflow-webserver-7fb57477c4-m8ln9, CPU: 0.021 cores, Memory: 1404.0 MiB
2025-01-20 10:33:35,906 - INFO - Pod: airflow-worker-0, CPU: 0.06 cores, Memory: 1274.0 MiB
2025-01-20 10:33:35,906 - INFO - Pod: airflow-worker-1, CPU: 0.069 cores, Memory: 1488.0 MiB
2025-01-20 10:33:40,981 - INFO - Pod: airflow-flower-76c88b4d49-g79kx, CPU: 0.008 cores, Memory: 197.0 MiB
2025-01-20 10:33:40,982 - INFO - Pod: airflow-postgresql-0, CPU: 0.033 cores, Memory: 77.0 MiB
2025-01-20 10:33:40,983 - INFO - Pod: airflow-redis-0, CPU: 0.002 cores, Memory: 10.0 MiB
2025-01-20 10:33:40,983 - INFO - Pod: airflow-scheduler-777d5b4db9-wtvcq, CPU: 0.123 cores, Memory: 313.0 MiB
2025-01-20 10:33:40,983 - INFO - Pod: airflow-statsd-769b757665-9wfv5, CPU: 0.004 cores, Memory: 17.0 MiB
2025-01-20 10:33:40,984 - INFO - Pod: airflow-webserver-7fb57477c4-m8ln9, CPU: 0.021 cores, Memory: 1404.0 MiB
2025-01-20 10:33:40,984 - INFO - Pod: airflow-worker-0, CPU: 0.06 cores, Memory: 1274.0 MiB
2025-01-20 10:33:40,984 - INFO - Pod: airflow-worker-1, CPU: 0.069 cores, Memory: 1488.0 MiB
2025-01-20 10:33:46,067 - INFO - Pod: airflow-flower-76c88b4d49-g79kx, CPU: 0.008 cores, Memory: 197.0 MiB
2025-01-20 10:33:46,067 - INFO - Pod: airflow-postgresql-0, CPU: 0.033 cores, Memory: 77.0 MiB
2025-01-20 10:33:46,068 - INFO - Pod: airflow-redis-0, CPU: 0.002 cores, Memory: 10.0 MiB
2025-01-20 10:33:46,068 - INFO - Pod: airflow-scheduler-777d5b4db9-wtvcq, CPU: 0.123 cores, Memory: 313.0 MiB
2025-01-20 10:33:46,068 - INFO - Pod: airflow-statsd-769b757665-9wfv5, CPU: 0.004 cores, Memory: 17.0 MiB
2025-01-20 10:33:46,069 - INFO - Pod: airflow-webserver-7fb57477c4-m8ln9, CPU: 0.021 cores, Memory: 1404.0 MiB
2025-01-20 10:33:46,069 - INFO - Pod: airflow-worker-0, CPU: 0.06 cores, Memory: 1274.0 MiB
2025-01-20 10:33:46,069 - INFO - Pod: airflow-worker-1, CPU: 0.069 cores, Memory: 1488.0 MiB
2025-01-20 10:33:51,214 - INFO - Pod: airflow-flower-76c88b4d49-g79kx, CPU: 0.01 cores, Memory: 198.0 MiB
2025-01-20 10:33:51,214 - INFO - Pod: airflow-postgresql-0, CPU: 0.037 cores, Memory: 78.0 MiB
2025-01-20 10:33:51,215 - INFO - Pod: airflow-redis-0, CPU: 0.002 cores, Memory: 10.0 MiB
2025-01-20 10:33:51,215 - INFO - Pod: airflow-scheduler-777d5b4db9-wtvcq, CPU: 0.117 cores, Memory: 289.0 MiB
2025-01-20 10:33:51,215 - INFO - Pod: airflow-statsd-769b757665-9wfv5, CPU: 0.005 cores, Memory: 21.0 MiB
2025-01-20 10:33:51,216 - INFO - Pod: airflow-webserver-7fb57477c4-m8ln9, CPU: 0.015 cores, Memory: 1403.0 MiB
2025-01-20 10:33:51,216 - INFO - Pod: airflow-worker-1, CPU: 0.063 cores, Memory: 1472.0 MiB
2025-01-20 10:33:56,312 - INFO - Pod: airflow-flower-76c88b4d49-g79kx, CPU: 0.01 cores, Memory: 198.0 MiB
2025-01-20 10:33:56,313 - INFO - Pod: airflow-postgresql-0, CPU: 0.037 cores, Memory: 78.0 MiB
2025-01-20 10:33:56,313 - INFO - Pod: airflow-redis-0, CPU: 0.002 cores, Memory: 10.0 MiB
2025-01-20 10:33:56,314 - INFO - Pod: airflow-scheduler-777d5b4db9-wtvcq, CPU: 0.117 cores, Memory: 289.0 MiB
2025-01-20 10:33:56,314 - INFO - Pod: airflow-statsd-769b757665-9wfv5, CPU: 0.005 cores, Memory: 21.0 MiB
2025-01-20 10:33:56,314 - INFO - Pod: airflow-webserver-7fb57477c4-m8ln9, CPU: 0.015 cores, Memory: 1403.0 MiB
2025-01-20 10:33:56,314 - INFO - Pod: airflow-worker-1, CPU: 0.063 cores, Memory: 1472.0 MiB
2025-01-20 10:34:01,735 - INFO - Pod: airflow-flower-76c88b4d49-g79kx, CPU: 0.01 cores, Memory: 198.0 MiB
2025-01-20 10:34:01,736 - INFO - Pod: airflow-postgresql-0, CPU: 0.037 cores, Memory: 78.0 MiB
2025-01-20 10:34:01,736 - INFO - Pod: airflow-redis-0, CPU: 0.002 cores, Memory: 10.0 MiB
2025-01-20 10:34:01,736 - INFO - Pod: airflow-scheduler-777d5b4db9-wtvcq, CPU: 0.117 cores, Memory: 289.0 MiB
2025-01-20 10:34:01,737 - INFO - Pod: airflow-statsd-769b757665-9wfv5, CPU: 0.005 cores, Memory: 21.0 MiB
2025-01-20 10:34:01,737 - INFO - Pod: airflow-webserver-7fb57477c4-m8ln9, CPU: 0.015 cores, Memory: 1403.0 MiB
2025-01-20 10:34:01,737 - INFO - Pod: airflow-worker-1, CPU: 0.063 cores, Memory: 1472.0 MiB
2025-01-20 10:34:06,834 - INFO - Pod: airflow-flower-76c88b4d49-g79kx, CPU: 0.01 cores, Memory: 198.0 MiB
2025-01-20 10:34:06,834 - INFO - Pod: airflow-postgresql-0, CPU: 0.037 cores, Memory: 78.0 MiB
2025-01-20 10:34:06,835 - INFO - Pod: airflow-redis-0, CPU: 0.002 cores, Memory: 10.0 MiB
2025-01-20 10:34:06,835 - INFO - Pod: airflow-scheduler-777d5b4db9-wtvcq, CPU: 0.117 cores, Memory: 289.0 MiB
2025-01-20 10:34:06,835 - INFO - Pod: airflow-statsd-769b757665-9wfv5, CPU: 0.005 cores, Memory: 21.0 MiB
2025-01-20 10:34:06,835 - INFO - Pod: airflow-webserver-7fb57477c4-m8ln9, CPU: 0.015 cores, Memory: 1403.0 MiB
2025-01-20 10:34:06,835 - INFO - Pod: airflow-worker-1, CPU: 0.063 cores, Memory: 1472.0 MiB
2025-01-20 10:34:11,912 - INFO - Pod: airflow-flower-76c88b4d49-g79kx, CPU: 0.01 cores, Memory: 198.0 MiB
2025-01-20 10:34:11,912 - INFO - Pod: airflow-postgresql-0, CPU: 0.037 cores, Memory: 78.0 MiB
2025-01-20 10:34:11,912 - INFO - Pod: airflow-redis-0, CPU: 0.002 cores, Memory: 10.0 MiB
2025-01-20 10:34:11,912 - INFO - Pod: airflow-scheduler-777d5b4db9-wtvcq, CPU: 0.117 cores, Memory: 289.0 MiB
2025-01-20 10:34:11,912 - INFO - Pod: airflow-statsd-769b757665-9wfv5, CPU: 0.005 cores, Memory: 21.0 MiB
2025-01-20 10:34:11,913 - INFO - Pod: airflow-webserver-7fb57477c4-m8ln9, CPU: 0.015 cores, Memory: 1403.0 MiB
2025-01-20 10:34:11,913 - INFO - Pod: airflow-worker-1, CPU: 0.063 cores, Memory: 1472.0 MiB
2025-01-20 10:34:16,985 - INFO - Pod: airflow-flower-76c88b4d49-g79kx, CPU: 0.01 cores, Memory: 198.0 MiB
2025-01-20 10:34:16,985 - INFO - Pod: airflow-postgresql-0, CPU: 0.037 cores, Memory: 78.0 MiB
2025-01-20 10:34:16,985 - INFO - Pod: airflow-redis-0, CPU: 0.002 cores, Memory: 10.0 MiB
2025-01-20 10:34:16,985 - INFO - Pod: airflow-scheduler-777d5b4db9-wtvcq, CPU: 0.117 cores, Memory: 289.0 MiB
2025-01-20 10:34:16,985 - INFO - Pod: airflow-statsd-769b757665-9wfv5, CPU: 0.005 cores, Memory: 21.0 MiB
2025-01-20 10:34:16,985 - INFO - Pod: airflow-webserver-7fb57477c4-m8ln9, CPU: 0.015 cores, Memory: 1403.0 MiB
2025-01-20 10:34:16,985 - INFO - Pod: airflow-worker-1, CPU: 0.063 cores, Memory: 1472.0 MiB
2025-01-20 10:34:22,106 - INFO - Pod: airflow-flower-76c88b4d49-g79kx, CPU: 0.01 cores, Memory: 198.0 MiB
2025-01-20 10:34:22,106 - INFO - Pod: airflow-postgresql-0, CPU: 0.037 cores, Memory: 78.0 MiB
2025-01-20 10:34:22,106 - INFO - Pod: airflow-redis-0, CPU: 0.002 cores, Memory: 10.0 MiB
2025-01-20 10:34:22,107 - INFO - Pod: airflow-scheduler-777d5b4db9-wtvcq, CPU: 0.117 cores, Memory: 289.0 MiB
2025-01-20 10:34:22,107 - INFO - Pod: airflow-statsd-769b757665-9wfv5, CPU: 0.005 cores, Memory: 21.0 MiB
2025-01-20 10:34:22,108 - INFO - Pod: airflow-webserver-7fb57477c4-m8ln9, CPU: 0.015 cores, Memory: 1403.0 MiB
2025-01-20 10:34:22,108 - INFO - Pod: airflow-worker-1, CPU: 0.063 cores, Memory: 1472.0 MiB
2025-01-20 10:34:27,210 - INFO - Pod: airflow-flower-76c88b4d49-g79kx, CPU: 0.01 cores, Memory: 198.0 MiB
2025-01-20 10:34:27,211 - INFO - Pod: airflow-postgresql-0, CPU: 0.037 cores, Memory: 78.0 MiB
2025-01-20 10:34:27,211 - INFO - Pod: airflow-redis-0, CPU: 0.002 cores, Memory: 10.0 MiB
2025-01-20 10:34:27,212 - INFO - Pod: airflow-scheduler-777d5b4db9-wtvcq, CPU: 0.117 cores, Memory: 289.0 MiB
2025-01-20 10:34:27,212 - INFO - Pod: airflow-statsd-769b757665-9wfv5, CPU: 0.005 cores, Memory: 21.0 MiB
2025-01-20 10:34:27,212 - INFO - Pod: airflow-webserver-7fb57477c4-m8ln9, CPU: 0.015 cores, Memory: 1403.0 MiB
2025-01-20 10:34:27,213 - INFO - Pod: airflow-worker-1, CPU: 0.063 cores, Memory: 1472.0 MiB
